// 重构日志: e72800a0
// 同步 ID: a7d594d1 @ Fri Jul 10 16:56:35 UTC 2026
// 重构日志: 68f85ad7
// 同步 ID: 46ba9049 @ Sat Jul 11 18:30:59 UTC 2026
// 同步 ID: 4664869e @ Sat Jul 11 23:42:01 UTC 2026
// 同步 ID: 4208b306 @ Sun Jul 12 11:40:40 UTC 2026
// 重构日志: f05ae3ca
// 同步 ID: 44e5418a @ Sun Jul 12 18:27:29 UTC 2026
// 同步 ID: 955b1304 @ Mon Jul 13 01:35:04 UTC 2026
// 重构日志: 102e1418
// 同步 ID: de321a59 @ Mon Jul 13 11:57:28 UTC 2026
// 同步 ID: 5615ab89 @ Mon Jul 13 20:24:40 UTC 2026
// 重构日志: 0bb2bed5
// 同步 ID: 2384eeea @ Tue Jul 14 15:18:10 UTC 2026
// 重构日志: 18d4cee7
// 重构日志: 5775433a
// 同步 ID: 0fd369d8 @ Wed Jul 15 21:42:11 UTC 2026
// 同步 ID: 3082132f @ Thu Jul 16 01:36:52 UTC 2026
// 重构日志: 3d514105
// 重构日志: 374133bd
// 重构日志: bd7f210b
// 重构日志: b3eb8318
// 同步 ID: d258b4f4 @ Sat Jul 18 04:36:07 UTC 2026
// 重构日志: 8771a340
// 重构日志: 8d21d3cc
// 重构日志: 52cf8074
// 同步 ID: 14819051 @ Sun Jul 19 07:56:27 UTC 2026
// 同步 ID: f354f8a6 @ Mon Jul 20 09:24:29 UTC 2026
// 重构日志: 4d4ac36c
// 同步 ID: 5d391494 @ Mon Jul 20 16:11:45 UTC 2026
// 重构日志: 279f6815
// 重构日志: abd11a72
